<?xml version="1.0" encoding="UTF-8"?>
<!-- Generated by org.testng.reporters.JUnitReportReporter -->
<testsuite hostname="Amit-Rawat" failures="0" tests="1" name="httpBacicRequest.Get_RequestBDD" time="2.621" errors="0" timestamp="2024-09-17T23:14:00 IST" skipped="0">
  <testcase classname="httpBacicRequest.Get_RequestBDD" name="getAllUser" time="2.621"/>
  <system-out/>
</testsuite> <!-- httpBacicRequest.Get_RequestBDD -->
