<?xml version="1.0" encoding="UTF-8"?>
<!-- Generated by org.testng.reporters.JUnitReportReporter -->
<testsuite hostname="Amit-Rawat" failures="0" tests="1" name="httpBacicRequest.GetWithoutBDD" time="2.553" errors="0" timestamp="2024-09-17T20:27:19 IST" skipped="0">
  <testcase classname="httpBacicRequest.GetWithoutBDD" name="allUsers" time="2.553"/>
  <system-out/>
</testsuite> <!-- httpBacicRequest.GetWithoutBDD -->
