<?xml version="1.0" encoding="UTF-8"?>
<!-- Generated by org.testng.reporters.JUnitReportReporter -->
<testsuite hostname="Amit-Rawat" failures="0" tests="1" name="httpBacicRequest.Post_BDDHashMap" time="4.190" errors="0" timestamp="2024-09-18T00:08:56 IST" skipped="0">
  <testcase classname="httpBacicRequest.Post_BDDHashMap" name="createResource" time="4.190"/>
  <system-out/>
</testsuite> <!-- httpBacicRequest.Post_BDDHashMap -->
